<?xml version="1.0" encoding="UTF-8"?>
<testsuite name="ru.chepelevich.JsonSchemaValidation" tests="1" skipped="0" failures="0" errors="0" timestamp="2025-03-25T10:50:53" hostname="DESKTOP-2D0LK4C" time="2.159">
  <properties/>
  <testcase name="schemaValidationTest()" classname="ru.chepelevich.JsonSchemaValidation" time="2.159"/>
  <system-out><![CDATA[Request method:	GET
Request URI:	http://localhost:9999/api/v1/demo/accounts
Proxy:			<none>
Request params:	<none>
Query params:	<none>
Form params:	<none>
Path params:	<none>
Headers:		Accept=*/*
Cookies:		<none>
Multiparts:		<none>
Body:			<none>
[
    {
        "id": 1,
        "name": "Текущий счёт",
        "number": "•• 0668",
        "balance": 992821429,
        "currency": "RUB"
    },
    {
        "id": 2,
        "name": "Текущий счёт",
        "number": "•• 9192",
        "balance": 2877210,
        "currency": "USD"
    },
    {
        "id": 3,
        "name": "Текущий зарплатный счёт",
        "number": "•• 5257",
        "balance": 1204044,
        "currency": "RUB"
    }
]
]]></system-out>
  <system-err><![CDATA[]]></system-err>
</testsuite>
